<?xml version="1.0" encoding="UTF-8"?>
<!-- Generated by org.testng.reporters.JUnitXMLReporter -->
<testsuite ignored="1" hostname="Pratik-HP" failures="0" tests="5" name="Default test(failed)" time="60.982" errors="0" timestamp="2023-05-04T13:31:51 IST">
  <testcase classname="testcases.HomePageTest" name="verifyHomePageTitle" time="0.185"/>
  <testcase classname="testcases.HomePageTest" name="verifySkillAutosuggestion" time="18.835"/>
  <testcase classname="testcases.HomePageTest" name="verifySkillAutosuggestionSize" time="0.051"/>
  <testcase classname="testcases.HomePageTest" name="verifyLocationAutosuggestion" time="18.76"/>
  <testcase classname="testcases.HomePageTest" name="verifyLocationAutosuggestionSize" time="0.086"/>
  <testcase classname="testcases.HomePageTest" name="verifyHomePageURL" time="0.0">
    <ignored/>
  </testcase> <!-- verifyHomePageURL -->
</testsuite> <!-- Default test(failed) -->
