<?xml version="1.0" encoding="UTF-8"?>
<!-- Generated by org.testng.reporters.JUnitXMLReporter -->
<testsuite ignored="0" hostname="Pratik-HP" failures="0" tests="2" name="Default test" time="58.853" errors="0" timestamp="2023-08-19T18:19:30 IST">
  <testcase classname="testcases.ViewAndUpdatePageProfilePageTest" name="verfiyViewAndUpadtePage" time="12.546"/>
  <testcase classname="testcases.ViewAndUpdatePageProfilePageTest" name="uploadResumeTest" time="18.706"/>
</testsuite> <!-- Default test -->
