<?xml version="1.0" encoding="UTF-8"?>
<testsuite xmlns:xsi="http://www.w3.org/2001/XMLSchema-instance" xsi:noNamespaceSchemaLocation="https://maven.apache.org/surefire/maven-surefire-plugin/xsd/surefire-test-report-3.0.xsd" version="3.0" name="TestSuite" time="47.189" tests="3" errors="0" skipped="2" failures="1">
  <properties>
[...]
</properties>
  <testcase name="initialize" classname="testcases.ViewAndUpdatePageProfilePageTest" time="46.746">
    <failure message="session not created: This version of ChromeDriver only supports Chrome version 114&#10;Current browser version is 116.0.5845.97 with binary path C:\Program Files\Google\Chrome\Application\chrome.exe&#10;Build info: version: &apos;3.141.59&apos;, revision: &apos;e82be7d358&apos;, time: &apos;2018-11-14T08:17:03&apos;&#10;System info: host: &apos;PRATIK-HP&apos;, ip: &apos;192.168.23.150&apos;, os.name: &apos;Windows 11&apos;, os.arch: &apos;amd64&apos;, os.version: &apos;10.0&apos;, java.version: &apos;17.0.6&apos;&#10;Driver info: driver.version: ChromeDriver&#10;remote stacktrace: Backtrace:&#10;	GetHandleVerifier [0x0035A813+48355]&#10;	(No symbol) [0x002EC4B1]&#10;	(No symbol) [0x001F5358]&#10;	(No symbol) [0x002161AC]&#10;	(No symbol) [0x00211EF3]&#10;	(No symbol) [0x00210579]&#10;	(No symbol) [0x00240C55]&#10;	(No symbol) [0x0024093C]&#10;	(No symbol) [0x0023A536]&#10;	(No symbol) [0x002182DC]&#10;	(No symbol) [0x002193DD]&#10;	GetHandleVerifier [0x005BAABD+2539405]&#10;	GetHandleVerifier [0x005FA78F+2800735]&#10;	GetHandleVerifier [0x005F456C+2775612]&#10;	GetHandleVerifier [0x003E51E0+616112]&#10;	(No symbol) [0x002F5F8C]&#10;	(No symbol) [0x002F2328]&#10;	(No symbol) [0x002F240B]&#10;	(No symbol) [0x002E4FF7]&#10;	BaseThreadInitThunk [0x76137D59+25]&#10;	RtlInitializeExceptionChain [0x7738B79B+107]&#10;	RtlClearBits [0x7738B71F+191]&#10;" type="org.openqa.selenium.SessionNotCreatedException"><![CDATA[org.openqa.selenium.SessionNotCreatedException: 
session not created: This version of ChromeDriver only supports Chrome version 114
Current browser version is 116.0.5845.97 with binary path C:\Program Files\Google\Chrome\Application\chrome.exe
Build info: version: '3.141.59', revision: 'e82be7d358', time: '2018-11-14T08:17:03'
System info: host: 'PRATIK-HP', ip: '192.168.23.150', os.name: 'Windows 11', os.arch: 'amd64', os.version: '10.0', java.version: '17.0.6'
Driver info: driver.version: ChromeDriver
remote stacktrace: Backtrace:
	GetHandleVerifier [0x0035A813+48355]
	(No symbol) [0x002EC4B1]
	(No symbol) [0x001F5358]
	(No symbol) [0x002161AC]
	(No symbol) [0x00211EF3]
	(No symbol) [0x00210579]
	(No symbol) [0x00240C55]
	(No symbol) [0x0024093C]
	(No symbol) [0x0023A536]
	(No symbol) [0x002182DC]
	(No symbol) [0x002193DD]
	GetHandleVerifier [0x005BAABD+2539405]
	GetHandleVerifier [0x005FA78F+2800735]
	GetHandleVerifier [0x005F456C+2775612]
	GetHandleVerifier [0x003E51E0+616112]
	(No symbol) [0x002F5F8C]
	(No symbol) [0x002F2328]
	(No symbol) [0x002F240B]
	(No symbol) [0x002E4FF7]
	BaseThreadInitThunk [0x76137D59+25]
	RtlInitializeExceptionChain [0x7738B79B+107]
	RtlClearBits [0x7738B71F+191]

	at java.base/jdk.internal.reflect.NativeConstructorAccessorImpl.newInstance0(Native Method)
	at java.base/jdk.internal.reflect.NativeConstructorAccessorImpl.newInstance(NativeConstructorAccessorImpl.java:77)
	at java.base/jdk.internal.reflect.DelegatingConstructorAccessorImpl.newInstance(DelegatingConstructorAccessorImpl.java:45)
	at java.base/java.lang.reflect.Constructor.newInstanceWithCaller(Constructor.java:499)
	at java.base/java.lang.reflect.Constructor.newInstance(Constructor.java:480)
	at org.openqa.selenium.remote.W3CHandshakeResponse.lambda$errorHandler$0(W3CHandshakeResponse.java:62)
	at org.openqa.selenium.remote.HandshakeResponse.lambda$getResponseFunction$0(HandshakeResponse.java:30)
	at org.openqa.selenium.remote.ProtocolHandshake.lambda$createSession$0(ProtocolHandshake.java:126)
	at java.base/java.util.stream.ReferencePipeline$3$1.accept(ReferencePipeline.java:197)
	at java.base/java.util.Spliterators$ArraySpliterator.tryAdvance(Spliterators.java:1002)
	at java.base/java.util.stream.ReferencePipeline.forEachWithCancel(ReferencePipeline.java:129)
	at java.base/java.util.stream.AbstractPipeline.copyIntoWithCancel(AbstractPipeline.java:527)
	at java.base/java.util.stream.AbstractPipeline.copyInto(AbstractPipeline.java:513)
	at java.base/java.util.stream.AbstractPipeline.wrapAndCopyInto(AbstractPipeline.java:499)
	at java.base/java.util.stream.FindOps$FindOp.evaluateSequential(FindOps.java:150)
	at java.base/java.util.stream.AbstractPipeline.evaluate(AbstractPipeline.java:234)
	at java.base/java.util.stream.ReferencePipeline.findFirst(ReferencePipeline.java:647)
	at org.openqa.selenium.remote.ProtocolHandshake.createSession(ProtocolHandshake.java:128)
	at org.openqa.selenium.remote.ProtocolHandshake.createSession(ProtocolHandshake.java:74)
	at org.openqa.selenium.remote.HttpCommandExecutor.execute(HttpCommandExecutor.java:136)
	at org.openqa.selenium.remote.service.DriverCommandExecutor.execute(DriverCommandExecutor.java:83)
	at org.openqa.selenium.remote.RemoteWebDriver.execute(RemoteWebDriver.java:552)
	at org.openqa.selenium.remote.RemoteWebDriver.startSession(RemoteWebDriver.java:213)
	at org.openqa.selenium.remote.RemoteWebDriver.<init>(RemoteWebDriver.java:131)
	at org.openqa.selenium.chrome.ChromeDriver.<init>(ChromeDriver.java:181)
	at org.openqa.selenium.chrome.ChromeDriver.<init>(ChromeDriver.java:168)
	at org.openqa.selenium.chrome.ChromeDriver.<init>(ChromeDriver.java:157)
	at testBase.TestBase.setUp(TestBase.java:50)
	at testcases.LoginPageTest.initialize(LoginPageTest.java:28)
	at testcases.UserPageTest.initialize(UserPageTest.java:27)
	at testcases.ViewAndUpdatePageProfilePageTest.initialize(ViewAndUpdatePageProfilePageTest.java:29)
	at java.base/jdk.internal.reflect.NativeMethodAccessorImpl.invoke0(Native Method)
	at java.base/jdk.internal.reflect.NativeMethodAccessorImpl.invoke(NativeMethodAccessorImpl.java:77)
	at java.base/jdk.internal.reflect.DelegatingMethodAccessorImpl.invoke(DelegatingMethodAccessorImpl.java:43)
	at java.base/java.lang.reflect.Method.invoke(Method.java:568)
	at org.testng.internal.MethodInvocationHelper.invokeMethod(MethodInvocationHelper.java:132)
	at org.testng.internal.MethodInvocationHelper.invokeMethodConsideringTimeout(MethodInvocationHelper.java:61)
	at org.testng.internal.ConfigInvoker.invokeConfigurationMethod(ConfigInvoker.java:366)
	at org.testng.internal.ConfigInvoker.invokeConfigurations(ConfigInvoker.java:320)
	at org.testng.internal.TestMethodWorker.invokeBeforeClassMethods(TestMethodWorker.java:176)
	at org.testng.internal.TestMethodWorker.run(TestMethodWorker.java:122)
	at java.base/java.util.ArrayList.forEach(ArrayList.java:1511)
	at org.testng.TestRunner.privateRun(TestRunner.java:764)
	at org.testng.TestRunner.run(TestRunner.java:585)
	at org.testng.SuiteRunner.runTest(SuiteRunner.java:384)
	at org.testng.SuiteRunner.runSequentially(SuiteRunner.java:378)
	at org.testng.SuiteRunner.privateRun(SuiteRunner.java:337)
	at org.testng.SuiteRunner.run(SuiteRunner.java:286)
	at org.testng.SuiteRunnerWorker.runSuite(SuiteRunnerWorker.java:53)
	at org.testng.SuiteRunnerWorker.run(SuiteRunnerWorker.java:96)
	at org.testng.TestNG.runSuitesSequentially(TestNG.java:1218)
	at org.testng.TestNG.runSuitesLocally(TestNG.java:1140)
	at org.testng.TestNG.runSuites(TestNG.java:1069)
	at org.testng.TestNG.run(TestNG.java:1037)
	at org.apache.maven.surefire.testng.TestNGExecutor.run(TestNGExecutor.java:308)
	at org.apache.maven.surefire.testng.TestNGXmlTestSuite.execute(TestNGXmlTestSuite.java:71)
	at org.apache.maven.surefire.testng.TestNGProvider.invoke(TestNGProvider.java:113)
	at org.apache.maven.surefire.booter.ForkedBooter.runSuitesInProcess(ForkedBooter.java:385)
	at org.apache.maven.surefire.booter.ForkedBooter.execute(ForkedBooter.java:162)
	at org.apache.maven.surefire.booter.ForkedBooter.run(ForkedBooter.java:507)
	at org.apache.maven.surefire.booter.ForkedBooter.main(ForkedBooter.java:495)
]]></failure>
    <system-out><![CDATA[




*************** Setting Logger ***************
]]></system-out>
    <system-err><![CDATA[log4j:WARN No appenders could be found for logger (testBase.TestBase).
log4j:WARN Please initialize the log4j system properly.
log4j:WARN See http://logging.apache.org/log4j/1.2/faq.html#noconfig for more info.
SLF4J: Failed to load class "org.slf4j.impl.StaticLoggerBinder".
SLF4J: Defaulting to no-operation (NOP) logger implementation
SLF4J: See http://www.slf4j.org/codes.html#StaticLoggerBinder for further details.
Starting ChromeDriver 114.0.5735.90 (386bc09e8f4f2e025eddae123f36f6263096ae49-refs/branch-heads/5735@{#1052}) on port 58021
Only local connections are allowed.
Please see https://chromedriver.chromium.org/security-considerations for suggestions on keeping ChromeDriver safe.
ChromeDriver was started successfully.
]]></system-err>
  </testcase>
  <testcase name="verfiyViewAndUpadtePage" classname="testcases.ViewAndUpdatePageProfilePageTest" time="0.0">
    <skipped message="session not created: This version of ChromeDriver only supports Chrome version 114&#10;Current browser version is 116.0.5845.97 with binary path C:\Program Files\Google\Chrome\Application\chrome.exe&#10;Build info: version: &apos;3.141.59&apos;, revision: &apos;e82be7d358&apos;, time: &apos;2018-11-14T08:17:03&apos;&#10;System info: host: &apos;PRATIK-HP&apos;, ip: &apos;192.168.23.150&apos;, os.name: &apos;Windows 11&apos;, os.arch: &apos;amd64&apos;, os.version: &apos;10.0&apos;, java.version: &apos;17.0.6&apos;&#10;Driver info: driver.version: ChromeDriver&#10;remote stacktrace: Backtrace:&#10;	GetHandleVerifier [0x0035A813+48355]&#10;	(No symbol) [0x002EC4B1]&#10;	(No symbol) [0x001F5358]&#10;	(No symbol) [0x002161AC]&#10;	(No symbol) [0x00211EF3]&#10;	(No symbol) [0x00210579]&#10;	(No symbol) [0x00240C55]&#10;	(No symbol) [0x0024093C]&#10;	(No symbol) [0x0023A536]&#10;	(No symbol) [0x002182DC]&#10;	(No symbol) [0x002193DD]&#10;	GetHandleVerifier [0x005BAABD+2539405]&#10;	GetHandleVerifier [0x005FA78F+2800735]&#10;	GetHandleVerifier [0x005F456C+2775612]&#10;	GetHandleVerifier [0x003E51E0+616112]&#10;	(No symbol) [0x002F5F8C]&#10;	(No symbol) [0x002F2328]&#10;	(No symbol) [0x002F240B]&#10;	(No symbol) [0x002E4FF7]&#10;	BaseThreadInitThunk [0x76137D59+25]&#10;	RtlInitializeExceptionChain [0x7738B79B+107]&#10;	RtlClearBits [0x7738B71F+191]&#10;"/>
  </testcase>
  <testcase name="uploadResumeTest" classname="testcases.ViewAndUpdatePageProfilePageTest" time="0.0">
    <skipped message="session not created: This version of ChromeDriver only supports Chrome version 114&#10;Current browser version is 116.0.5845.97 with binary path C:\Program Files\Google\Chrome\Application\chrome.exe&#10;Build info: version: &apos;3.141.59&apos;, revision: &apos;e82be7d358&apos;, time: &apos;2018-11-14T08:17:03&apos;&#10;System info: host: &apos;PRATIK-HP&apos;, ip: &apos;192.168.23.150&apos;, os.name: &apos;Windows 11&apos;, os.arch: &apos;amd64&apos;, os.version: &apos;10.0&apos;, java.version: &apos;17.0.6&apos;&#10;Driver info: driver.version: ChromeDriver&#10;remote stacktrace: Backtrace:&#10;	GetHandleVerifier [0x0035A813+48355]&#10;	(No symbol) [0x002EC4B1]&#10;	(No symbol) [0x001F5358]&#10;	(No symbol) [0x002161AC]&#10;	(No symbol) [0x00211EF3]&#10;	(No symbol) [0x00210579]&#10;	(No symbol) [0x00240C55]&#10;	(No symbol) [0x0024093C]&#10;	(No symbol) [0x0023A536]&#10;	(No symbol) [0x002182DC]&#10;	(No symbol) [0x002193DD]&#10;	GetHandleVerifier [0x005BAABD+2539405]&#10;	GetHandleVerifier [0x005FA78F+2800735]&#10;	GetHandleVerifier [0x005F456C+2775612]&#10;	GetHandleVerifier [0x003E51E0+616112]&#10;	(No symbol) [0x002F5F8C]&#10;	(No symbol) [0x002F2328]&#10;	(No symbol) [0x002F240B]&#10;	(No symbol) [0x002E4FF7]&#10;	BaseThreadInitThunk [0x76137D59+25]&#10;	RtlInitializeExceptionChain [0x7738B79B+107]&#10;	RtlClearBits [0x7738B71F+191]&#10;"/>
  </testcase>
</testsuite>